Start testing: Jul 06 23:39 CEST
----------------------------------------------------------
1/3 Testing: functions_tests
1/3 Test: functions_tests
Command: "/Users/michelemattei/git/esame_3/esame2020/build/run_functions_tests"
Directory: /Users/michelemattei/git/esame_3/esame2020/build
"functions_tests" start time: Jul 06 23:39 CEST
Output:
----------------------------------------------------------
[doctest] doctest version is "2.3.5"
[doctest] run with "--help" for options
===============================================================================
[doctest] test cases:      2 |      2 passed |      0 failed |      0 skipped
[doctest] assertions:      9 |      9 passed |      0 failed |
[doctest] Status: SUCCESS!
<end of output>
Test time =   0.00 sec
----------------------------------------------------------
Test Passed.
"functions_tests" end time: Jul 06 23:39 CEST
"functions_tests" time elapsed: 00:00:00
----------------------------------------------------------

2/3 Testing: epidemic_tests
2/3 Test: epidemic_tests
Command: "/Users/michelemattei/git/esame_3/esame2020/build/run_epidemic_tests"
Directory: /Users/michelemattei/git/esame_3/esame2020/build
"epidemic_tests" start time: Jul 06 23:39 CEST
Output:
----------------------------------------------------------
[doctest] doctest version is "2.3.5"
[doctest] run with "--help" for options
===============================================================================
[doctest] test cases:      2 |      2 passed |      0 failed |      0 skipped
[doctest] assertions:   1145 |   1145 passed |      0 failed |
[doctest] Status: SUCCESS!
<end of output>
Test time =  97.78 sec
----------------------------------------------------------
Test Passed.
"epidemic_tests" end time: Jul 06 23:41 CEST
"epidemic_tests" time elapsed: 00:01:37
----------------------------------------------------------

3/3 Testing: sfml_tests
3/3 Test: sfml_tests
Command: "/Users/michelemattei/git/esame_3/esame2020/build/run_sfml_tests"
Directory: /Users/michelemattei/git/esame_3/esame2020/build
"sfml_tests" start time: Jul 06 23:41 CEST
Output:
----------------------------------------------------------
[doctest] doctest version is "2.3.5"
[doctest] run with "--help" for options
===============================================================================
[doctest] test cases:      1 |      1 passed |      0 failed |      0 skipped
[doctest] assertions:    103 |    103 passed |      0 failed |
[doctest] Status: SUCCESS!
<end of output>
Test time =   0.02 sec
----------------------------------------------------------
Test Passed.
"sfml_tests" end time: Jul 06 23:41 CEST
"sfml_tests" time elapsed: 00:00:00
----------------------------------------------------------

End testing: Jul 06 23:41 CEST
